==============================================================================
20170205 07:51:52.170 - INFO - + START SUITE: Acceptancetest [ ]
==============================================================================
20170205 07:51:52.570 - INFO - +- START SUITE: Acceptancetest.CSV-JSONConversion [ ]
==============================================================================
20170205 07:51:52.582 - INFO - +-- START TEST: CSV to JSON to CSV Yields Original [ ]
------------------------------------------------------------------------------
20170205 07:51:52.599 - INFO - +--- START KW: OperatingSystem.Get File [ src/test/resources/grades.csv ]
20170205 07:51:52.626 - INFO - ${contents} = "ID","Total","Assignment 1","Assignment 2","Exam 1"
"111278","611","146","128","337"
"111352","867","227","228","412"
"111373","461","96","90","275"
"111305","835","220","217","398"
"111399","898","22...
20170205 07:51:52.630 - INFO - +--- END KW: OperatingSystem.Get File (31)
~~~~~~~~~~~~~~~~~~~~~~~~~~~~~~~~~~~~~~~~~~~~~~~~~~~~~~~~~~~~~~~~~~~~~~~~~~~~~~
20170205 07:51:52.632 - INFO - +--- START KW: keywords.ConverterKeywords.Convert To Json [ ${contents} ]
20170205 07:51:52.647 - INFO - ${json} = {"rowHeaders":["111278","111352","111373","111305","111399","111160","111276","111241"],"data":[[611,146,128,337],[867,227,228,412],[461,96,90,275],[835,220,217,398],[898,226,229,443],[454,77,125,252]...
20170205 07:51:52.652 - INFO - +--- END KW: keywords.ConverterKeywords.Convert To Json (20)
~~~~~~~~~~~~~~~~~~~~~~~~~~~~~~~~~~~~~~~~~~~~~~~~~~~~~~~~~~~~~~~~~~~~~~~~~~~~~~
20170205 07:51:52.655 - INFO - +--- START KW: keywords.ConverterKeywords.Convert To Csv [ ${json} ]
20170205 07:51:52.668 - INFO - ${csv} = "ID","Total","Assignment 1","Assignment 2","Exam 1"
"111278","611","146","128","337"
"111352","867","227","228","412"
"111373","461","96","90","275"
"111305","835","220","217","398"
"111399","898","22...
20170205 07:51:52.675 - INFO - +--- END KW: keywords.ConverterKeywords.Convert To Csv (16)
~~~~~~~~~~~~~~~~~~~~~~~~~~~~~~~~~~~~~~~~~~~~~~~~~~~~~~~~~~~~~~~~~~~~~~~~~~~~~~
20170205 07:51:52.678 - INFO - +--- START KW: BuiltIn.Should Be Equal [ ${contents} | ${csv} ]
20170205 07:51:52.690 - INFO - +--- END KW: BuiltIn.Should Be Equal (11)
------------------------------------------------------------------------------
20170205 07:51:52.699 - INFO - +-- END TEST: CSV to JSON to CSV Yields Original (114)
------------------------------------------------------------------------------
20170205 07:51:52.720 - INFO - +-- START TEST: JSON to CSV to JSON Yields Original [ ]
------------------------------------------------------------------------------
20170205 07:51:52.736 - INFO - +--- START KW: OperatingSystem.Get File [ src/test/resources/grades.json ]
20170205 07:51:52.751 - INFO - ${contents} = {
    "colHeaders":["Total","Assignment 1","Assignment 2","Exam 1"],
    "rowHeaders":["111278","111352","111373","111305","111399","111160","111276","111241"],
    "data":[[611,146,128,337],
        ...
20170205 07:51:52.758 - INFO - +--- END KW: OperatingSystem.Get File (21)
~~~~~~~~~~~~~~~~~~~~~~~~~~~~~~~~~~~~~~~~~~~~~~~~~~~~~~~~~~~~~~~~~~~~~~~~~~~~~~
20170205 07:51:52.760 - INFO - +--- START KW: keywords.ConverterKeywords.Convert To Csv [ ${contents} ]
20170205 07:51:52.785 - INFO - ${csv} = "ID","Total","Assignment 1","Assignment 2","Exam 1"
"111278","611","146","128","337"
"111352","867","227","228","412"
"111373","461","96","90","275"
"111305","835","220","217","398"
"111399","898","22...
20170205 07:51:52.789 - INFO - +--- END KW: keywords.ConverterKeywords.Convert To Csv (28)
~~~~~~~~~~~~~~~~~~~~~~~~~~~~~~~~~~~~~~~~~~~~~~~~~~~~~~~~~~~~~~~~~~~~~~~~~~~~~~
20170205 07:51:52.793 - INFO - +--- START KW: keywords.ConverterKeywords.Convert To Json [ ${csv} ]
20170205 07:51:52.843 - INFO - ${json} = {"rowHeaders":["111278","111352","111373","111305","111399","111160","111276","111241"],"data":[[611,146,128,337],[867,227,228,412],[461,96,90,275],[835,220,217,398],[898,226,229,443],[454,77,125,252]...
20170205 07:51:52.856 - INFO - +--- END KW: keywords.ConverterKeywords.Convert To Json (59)
~~~~~~~~~~~~~~~~~~~~~~~~~~~~~~~~~~~~~~~~~~~~~~~~~~~~~~~~~~~~~~~~~~~~~~~~~~~~~~
20170205 07:51:52.891 - INFO - +--- START KW: keywords.ConverterKeywords.Json Strings Are Equal [ ${contents} | ${json} ]
20170205 07:51:52.918 - INFO - ${same} = True
20170205 07:51:52.923 - INFO - +--- END KW: keywords.ConverterKeywords.Json Strings Are Equal (31)
~~~~~~~~~~~~~~~~~~~~~~~~~~~~~~~~~~~~~~~~~~~~~~~~~~~~~~~~~~~~~~~~~~~~~~~~~~~~~~
20170205 07:51:52.929 - INFO - +--- START KW: BuiltIn.Should Be True [ ${same} ]
20170205 07:51:52.955 - INFO - +--- END KW: BuiltIn.Should Be True (26)
------------------------------------------------------------------------------
20170205 07:51:52.971 - INFO - +-- END TEST: JSON to CSV to JSON Yields Original (262)
------------------------------------------------------------------------------
20170205 07:51:53.004 - INFO - +- END SUITE: Acceptancetest.CSV-JSONConversion (798)
==============================================================================
20170205 07:51:53.044 - INFO - + END SUITE: Acceptancetest (1488)
==============================================================================
